0 info it worked if it ends with ok
1 verbose cli [ 'node', '/usr/bin/npm', 'install', 'express', '--save' ]
2 info using npm@2.10.1
3 info using node@v0.10.29
4 verbose node symlink /usr/bin/node
5 verbose install initial load of /home/alumno/sandbox/huayra-pnide-servidor-pasar-lista/package.json
6 verbose stack Error: Invalid name: "Huayra Servidor Pasar lista"
6 verbose stack     at ensureValidName (/usr/lib/node_modules/npm/node_modules/normalize-package-data/lib/fixer.js:323:15)
6 verbose stack     at Object.module.exports.fixNameField (/usr/lib/node_modules/npm/node_modules/normalize-package-data/lib/fixer.js:206:5)
6 verbose stack     at /usr/lib/node_modules/npm/node_modules/normalize-package-data/lib/normalize.js:30:38
6 verbose stack     at Array.forEach (native)
6 verbose stack     at normalize (/usr/lib/node_modules/npm/node_modules/normalize-package-data/lib/normalize.js:29:15)
6 verbose stack     at final (/usr/lib/node_modules/npm/node_modules/read-package-json/read-json.js:338:5)
6 verbose stack     at then (/usr/lib/node_modules/npm/node_modules/read-package-json/read-json.js:113:5)
6 verbose stack     at /usr/lib/node_modules/npm/node_modules/read-package-json/read-json.js:232:12
6 verbose stack     at evalmachine.<anonymous>:272:14
6 verbose stack     at /usr/lib/node_modules/npm/node_modules/graceful-fs/graceful-fs.js:102:5
7 verbose cwd /home/alumno/sandbox/huayra-pnide-servidor-pasar-lista
8 error Linux 4.2.0-rc4
9 error argv "node" "/usr/bin/npm" "install" "express" "--save"
10 error node v0.10.29
11 error npm  v2.10.1
12 error Invalid name: "Huayra Servidor Pasar lista"
13 error If you need help, you may report this error at:
13 error     <https://github.com/npm/npm/issues>
14 verbose exit [ 1, true ]
